Starting a Gradle Daemon, 1 busy and 1 incompatible and 1 stopped Daemons could not be reused, use --status for details
> Task :gradle:compileJava NO-SOURCE
> Task :gradle:compileGroovy
> Task :gradle:pluginDescriptors UP-TO-DATE
> Task :gradle:processResources
> Task :gradle:classes
> Task :gradle:jar

FAILURE: Build completed with 2 failures.

1: Task failed with an exception.
-----------
* Where:
Build file 'C:\Users\azizb\AppData\Local\Pub\Cache\hosted\pub.dev\file_picker-10.3.7\android\build.gradle' line: 30

* What went wrong:
A problem occurred evaluating project ':file_picker'.
> Could not get unknown property 'flutter' for extension 'android' of type com.android.build.gradle.LibraryExtension.

* Try:
> Run with --stacktrace option to get the stack trace.
> Run with --info or --debug option to get more log output.
> Run with --scan to get full insights.
> Get more help at https://help.gradle.org.
==============================================================================

2: Task failed with an exception.
-----------
* What went wrong:
A problem occurred configuring project ':file_picker'.
> Failed to notify project evaluation listener.
   > Cannot invoke method substring() on null object
   > com.android.builder.errors.EvalIssueException: compileSdkVersion is not specified. Please add it to build.gradle

* Try:
> Run with --stacktrace option to get the stack trace.
> Run with --info or --debug option to get more log output.
> Run with --scan to get full insights.
> Get more help at https://help.gradle.org.
==============================================================================

BUILD FAILED in 37s
4 actionable tasks: 3 executed, 1 up-to-date
